<?xml version="1.0" encoding="UTF-8"?>
<!-- Generated by org.testng.reporters.JUnitXMLReporter -->
<testsuite ignored="10" hostname="LAPTOP-TCIABFM5" failures="0" tests="6" name="MMBFLowTest" time="40.857" errors="0" timestamp="2025-10-04T14:26:15 IST">
  <testcase classname="MMBLogin.MMBLoginTC" name="ManageBookinglogin" time="6.792"/>
  <testcase classname="MMBChangeFlight.ChangeDateSelection" name="Changedatemethod" time="0.802"/>
  <testcase classname="MMBChangeFlight.FlightSelection" name="selectFarecabin" time="0.865"/>
  <testcase classname="MMBChangeFlight.ChangeFlightAddonSelection" name="AddonSelection" time="12.195"/>
  <testcase classname="MMBChangeFlight.ChangeFlightItinerary" name="ChangeFlightPrice" time="0.16"/>
  <testcase classname="MMBChangeFlight.ChangeFlightEndTX" name="getpaymentmethod" time="3.001"/>
  <testcase classname="UltityFunction.Commonfunction" name="@AfterSuite quitbrowser" time="0.0">
    <ignored/>
  </testcase> <!-- @AfterSuite quitbrowser -->
  <testcase classname="UltityFunction.Commonfunction" name="@BeforeSuite LanuchBrowser" time="0.0">
    <ignored/>
  </testcase> <!-- @BeforeSuite LanuchBrowser -->
  <testcase classname="UltityFunction.Commonfunction" name="@AfterSuite quitbrowser" time="0.0">
    <ignored/>
  </testcase> <!-- @AfterSuite quitbrowser -->
  <testcase classname="UltityFunction.Commonfunction" name="@AfterSuite quitbrowser" time="0.0">
    <ignored/>
  </testcase> <!-- @AfterSuite quitbrowser -->
  <testcase classname="UltityFunction.Commonfunction" name="@BeforeSuite LanuchBrowser" time="0.0">
    <ignored/>
  </testcase> <!-- @BeforeSuite LanuchBrowser -->
  <testcase classname="UltityFunction.Commonfunction" name="@BeforeSuite LanuchBrowser" time="0.0">
    <ignored/>
  </testcase> <!-- @BeforeSuite LanuchBrowser -->
  <testcase classname="UltityFunction.Commonfunction" name="@BeforeSuite LanuchBrowser" time="0.0">
    <ignored/>
  </testcase> <!-- @BeforeSuite LanuchBrowser -->
  <testcase classname="UltityFunction.Commonfunction" name="@BeforeSuite LanuchBrowser" time="0.0">
    <ignored/>
  </testcase> <!-- @BeforeSuite LanuchBrowser -->
  <testcase classname="UltityFunction.Commonfunction" name="@AfterSuite quitbrowser" time="0.0">
    <ignored/>
  </testcase> <!-- @AfterSuite quitbrowser -->
  <testcase classname="UltityFunction.Commonfunction" name="@AfterSuite quitbrowser" time="0.0">
    <ignored/>
  </testcase> <!-- @AfterSuite quitbrowser -->
</testsuite> <!-- MMBFLowTest -->
