<?xml version="1.0" encoding="UTF-8"?>
<!-- Generated by org.testng.reporters.JUnitXMLReporter -->
<testsuite ignored="10" hostname="LAPTOP-TCIABFM5" failures="0" tests="6" name="Test" time="54.76" errors="0" timestamp="2025-09-30T12:33:19 IST">
  <testcase classname="MMBLogin.MMBLoginTC" name="ManageBookinglogin" time="5.723"/>
  <testcase classname="MMBChangeFlight.ChangeDateSelection" name="Changedatemethod" time="0.751"/>
  <testcase classname="MMBChangeFlight.FlightSelection" name="selectFarecabin" time="10.64"/>
  <testcase classname="MMBChangeFlight.ChangeFlightAddonSelection" name="AddonSelection" time="33.296"/>
  <testcase classname="MMBChangeFlight.ChangeFlightItinerary" name="ChangeFlightPrice" time="0.159"/>
  <testcase classname="MMBChangeFlight.ChangeFlightEndTX" name="getpaymentmethod" time="4.079"/>
  <testcase classname="UltityFunction.Commonfunction" name="@AfterSuite quitbrowser" time="0.0">
    <ignored/>
  </testcase> <!-- @AfterSuite quitbrowser -->
  <testcase classname="UltityFunction.Commonfunction" name="@BeforeSuite LanuchBrowser" time="0.0">
    <ignored/>
  </testcase> <!-- @BeforeSuite LanuchBrowser -->
  <testcase classname="UltityFunction.Commonfunction" name="@AfterSuite quitbrowser" time="0.0">
    <ignored/>
  </testcase> <!-- @AfterSuite quitbrowser -->
  <testcase classname="UltityFunction.Commonfunction" name="@BeforeSuite LanuchBrowser" time="0.0">
    <ignored/>
  </testcase> <!-- @BeforeSuite LanuchBrowser -->
  <testcase classname="UltityFunction.Commonfunction" name="@BeforeSuite LanuchBrowser" time="0.0">
    <ignored/>
  </testcase> <!-- @BeforeSuite LanuchBrowser -->
  <testcase classname="UltityFunction.Commonfunction" name="@BeforeSuite LanuchBrowser" time="0.0">
    <ignored/>
  </testcase> <!-- @BeforeSuite LanuchBrowser -->
  <testcase classname="UltityFunction.Commonfunction" name="@AfterSuite quitbrowser" time="0.0">
    <ignored/>
  </testcase> <!-- @AfterSuite quitbrowser -->
  <testcase classname="UltityFunction.Commonfunction" name="@AfterSuite quitbrowser" time="0.0">
    <ignored/>
  </testcase> <!-- @AfterSuite quitbrowser -->
  <testcase classname="UltityFunction.Commonfunction" name="@BeforeSuite LanuchBrowser" time="0.0">
    <ignored/>
  </testcase> <!-- @BeforeSuite LanuchBrowser -->
  <testcase classname="UltityFunction.Commonfunction" name="@AfterSuite quitbrowser" time="0.0">
    <ignored/>
  </testcase> <!-- @AfterSuite quitbrowser -->
</testsuite> <!-- Test -->
