<?xml version="1.0" encoding="UTF-8"?>
<testng-results ignored="0" total="6" passed="6" failed="0" skipped="0">
  <reporter-output>
  </reporter-output>
  <suite started-at="2025-09-30T12:32:24 IST" name="Suite" finished-at="2025-09-30T12:33:19 IST" duration-ms="54760">
    <groups>
    </groups>
    <test started-at="2025-09-30T12:32:24 IST" name="Test" finished-at="2025-09-30T12:33:19 IST" duration-ms="54760">
      <class name="MMBLogin.MMBLoginTC">
        <test-method is-config="true" signature="LanuchBrowser()[pri:0, instance:MMBLogin.MMBLoginTC@305b7c14]" started-at="2025-09-30T12:32:22 IST" name="LanuchBrowser" finished-at="2025-09-30T12:32:24 IST" duration-ms="2742" status="PASS">
          <reporter-output>
          </reporter-output>
        </test-method> <!-- LanuchBrowser -->
        <test-method signature="ManageBookinglogin()[pri:0, instance:MMBLogin.MMBLoginTC@305b7c14]" started-at="2025-09-30T12:32:24 IST" name="ManageBookinglogin" finished-at="2025-09-30T12:32:30 IST" duration-ms="5723" status="PASS">
          <reporter-output>
          </reporter-output>
        </test-method> <!-- ManageBookinglogin -->
        <test-method is-config="true" signature="quitbrowser()[pri:0, instance:MMBLogin.MMBLoginTC@305b7c14]" started-at="2025-09-30T12:33:19 IST" name="quitbrowser" finished-at="2025-09-30T12:33:19 IST" duration-ms="1" status="PASS">
          <reporter-output>
          </reporter-output>
        </test-method> <!-- quitbrowser -->
      </class> <!-- MMBLogin.MMBLoginTC -->
      <class name="MMBChangeFlight.FlightSelection">
        <test-method signature="selectFarecabin()[pri:0, instance:MMBChangeFlight.FlightSelection@13b6aecc]" started-at="2025-09-30T12:32:31 IST" name="selectFarecabin" finished-at="2025-09-30T12:32:42 IST" duration-ms="10640" status="PASS">
          <reporter-output>
          </reporter-output>
        </test-method> <!-- selectFarecabin -->
      </class> <!-- MMBChangeFlight.FlightSelection -->
      <class name="MMBChangeFlight.ChangeDateSelection">
        <test-method signature="Changedatemethod()[pri:0, instance:MMBChangeFlight.ChangeDateSelection@7d8704ef]" started-at="2025-09-30T12:32:30 IST" name="Changedatemethod" finished-at="2025-09-30T12:32:31 IST" duration-ms="751" status="PASS">
          <reporter-output>
          </reporter-output>
        </test-method> <!-- Changedatemethod -->
      </class> <!-- MMBChangeFlight.ChangeDateSelection -->
      <class name="MMBChangeFlight.ChangeFlightAddonSelection">
        <test-method signature="AddonSelection()[pri:0, instance:MMBChangeFlight.ChangeFlightAddonSelection@158a8276]" started-at="2025-09-30T12:32:42 IST" name="AddonSelection" finished-at="2025-09-30T12:33:15 IST" duration-ms="33296" status="PASS">
          <reporter-output>
          </reporter-output>
        </test-method> <!-- AddonSelection -->
      </class> <!-- MMBChangeFlight.ChangeFlightAddonSelection -->
      <class name="MMBChangeFlight.ChangeFlightItinerary">
        <test-method signature="ChangeFlightPrice()[pri:0, instance:MMBChangeFlight.ChangeFlightItinerary@3c3d9b6b]" started-at="2025-09-30T12:33:15 IST" name="ChangeFlightPrice" finished-at="2025-09-30T12:33:15 IST" duration-ms="159" status="PASS">
          <reporter-output>
          </reporter-output>
        </test-method> <!-- ChangeFlightPrice -->
      </class> <!-- MMBChangeFlight.ChangeFlightItinerary -->
      <class name="MMBChangeFlight.ChangeFlightEndTX">
        <test-method signature="getpaymentmethod()[pri:0, instance:MMBChangeFlight.ChangeFlightEndTX@4b3c354a]" started-at="2025-09-30T12:33:15 IST" name="getpaymentmethod" finished-at="2025-09-30T12:33:19 IST" duration-ms="4079" status="PASS">
          <reporter-output>
          </reporter-output>
        </test-method> <!-- getpaymentmethod -->
      </class> <!-- MMBChangeFlight.ChangeFlightEndTX -->
    </test> <!-- Test -->
  </suite> <!-- Suite -->
</testng-results>
